
;
; Created on Tue Apr 02 13:58:17 2019 with ECE 449 assembler v1.10 Beta 4 (16 bit).
;
;Header Section
RADIX 10
DEPTH 2048
WIDTH 16
DEFAULT 0
;
; Data Section
; Specifies data to be stored in different addresses
; e.g., DATA 0:A, 1:0
;
RADIX 16
DATA 
1110 => "0010010111111111", -- 0456 - 25FF start:       loadimm.upper LedDisplay.hi
1112 => "0010010011110010", -- 0458 - 24F2              loadimm.lower LedDisplay.lo
1114 => "0010011101111000", -- 045A - 2778              mov           r5,r7
1116 => "0010010100000000", -- 045C - 2500              loadimm.upper 0x00
1118 => "0010010000000000", -- 045E - 2400              loadimm.lower 0x00
1120 => "0010011110111000", -- 0460 - 27B8              mov           r6,r7
1122 => "0000000000000000", -- 0462 - 0000 loop:        nop          
1124 => "0000000000000000", -- 0464 - 0000              nop          
1126 => "0000000000000000", -- 0466 - 0000              nop          
1128 => "0010001101110000", -- 0468 - 2370              store         r5,r6
1130 => "0010010100000000", -- 046A - 2500              loadimm.upper 0x00
1132 => "0010010000000001", -- 046C - 2401              loadimm.lower 0x01
1134 => "0000001110110111", -- 046E - 03B7              add           r6,r6,r7
1136 => "0010010000001111", -- 0470 - 240F              loadimm.lower 0x0F
1138 => "0000100100110111", -- 0472 - 0937              nand          r4,r6,r7
1140 => "0000100100100100", -- 0474 - 0924              nand          r4,r4,r4
1142 => "0010010000001010", -- 0476 - 240A              loadimm.lower 0x0a
1144 => "0000010100100111", -- 0478 - 0527              sub           r4,r4,r7
1146 => "0000111100000000", -- 047A - 0F00              test          r4
1148 => "1000010000000010", -- 047C - 8402              brr.z         ones_zero
1150 => "1000000111110010", -- 047E - 81F2              brr           loop
1152 => "0010010111111111", -- 0480 - 25FF ones_zero:   loadimm.upper 0xff
1154 => "0010010011110000", -- 0482 - 24F0              loadimm.lower 0xf0
1156 => "0000100110110111", -- 0484 - 09B7              nand          r6,r6,r7
1158 => "0000100110110110", -- 0486 - 09B6              nand          r6,r6,r6
1160 => "0010010100000000", -- 0488 - 2500              loadimm.upper 0x00
1162 => "0010010000010000", -- 048A - 2410              loadimm.lower 0x10
1164 => "0000001110110111", -- 048C - 03B7              add           r6,r6,r7
1166 => "0010010100000000", -- 048E - 2500              loadimm.upper 0x00
1168 => "0010010011110000", -- 0490 - 24F0              loadimm.lower 0xf0
1170 => "0000100100110111", -- 0492 - 0937              nand          r4,r6,r7
1172 => "0000100100100100", -- 0494 - 0924              nand          r4,r4,r4
1174 => "0010010100000000", -- 0496 - 2500              loadimm.upper 0x00
1176 => "0010010010100000", -- 0498 - 24A0              loadimm.lower 0xA0
1178 => "0000010100100111", -- 049A - 0527              sub           r4,r4,r7
1180 => "0000111100000000", -- 049C - 0F00              test          r4
1182 => "1000010000000010", -- 049E - 8402              brr.z         tens_zero
1184 => "1000000111100001", -- 04A0 - 81E1              brr           loop
1186 => "0010010100001111", -- 04A2 - 250F tens_zero:   loadimm.upper 0x0F
1188 => "0010010000000000", -- 04A4 - 2400              loadimm.lower 0x00
1190 => "0000100110110111", -- 04A6 - 09B7              nand          r6,r6,r7
1192 => "0000100110110110", -- 04A8 - 09B6              nand          r6,r6,r6
1194 => "0010010100000001", -- 04AA - 2501              loadimm.upper 0x01
1196 => "0010010000000000", -- 04AC - 2400              loadimm.lower 0x00
1198 => "0000001110110111", -- 04AE - 03B7              add           r6,r6,r7
1200 => "0010010100001010", -- 04B0 - 250A              loadimm.upper 0x0A
1202 => "0000010100110111", -- 04B2 - 0537              sub           r4,r6,r7
1204 => "0000111100000000", -- 04B4 - 0F00              test          r4
1206 => "1000010111010000", -- 04B6 - 85D0              brr.z         start
1208 => "1000000111010101", -- 04B8 - 81D5              brr           loop


-------------------------------------------------------
Symbol Table:
DipSwitches   65520 (FFF0)
LedDisplay    65522 (FFF2)
loop           1122 (0462)
ones_zero      1152 (0480)
start          1110 (0456)
tens_zero      1186 (04A2)

